<?xml version="1.0" encoding="UTF-8"?>
<testsuite xmlns:xsi="http://www.w3.org/2001/XMLSchema-instance" xsi:noNamespaceSchemaLocation="https://maven.apache.org/surefire/maven-surefire-plugin/xsd/surefire-test-report.xsd" version="3.0.2" name="com.paymentchain.projects.ProjectsApplicationTests" time="25.867" tests="1" errors="0" skipped="0" failures="0">
  <properties>
[...]
</properties>
  <testcase name="contextLoads" classname="com.paymentchain.projects.ProjectsApplicationTests" time="0.684">
    <system-out><![CDATA[21:25:20.436 [main] INFO org.springframework.test.context.support.AnnotationConfigContextLoaderUtils -- Could not detect default configuration classes for test class [com.paymentchain.projects.ProjectsApplicationTests]: ProjectsApplicationTests does not declare any static, non-private, non-final, nested classes annotated with @Configuration.
21:25:20.859 [main] INFO org.springframework.boot.test.context.SpringBootTestContextBootstrapper -- Found @SpringBootConfiguration com.paymentchain.projects.ProjectsApplication for test class com.paymentchain.projects.ProjectsApplicationTests
21:25:21.799 [main] INFO org.springframework.boot.devtools.restart.RestartApplicationListener -- Restart disabled due to context in which it is running

  .   ____          _            __ _ _
 /\\ / ___'_ __ _ _(_)_ __  __ _ \ \ \ \
( ( )\___ | '_ | '_| | '_ \/ _` | \ \ \ \
 \\/  ___)| |_)| | | | | || (_| |  ) ) ) )
  '  |____| .__|_| |_|_| |_\__, | / / / /
 =========|_|==============|___/=/_/_/_/

 :: Spring Boot ::                (v4.0.3)

2026-06-04T21:25:24.078-04:00  INFO 18400 --- [           main] c.p.projects.ProjectsApplicationTests    : Starting ProjectsApplicationTests using Java 21.0.9 with PID 18400 (started by Cristian in C:\Users\Cristian\Desktop\FULLSTAK 3\EVALUACION 2\PROYECTO\paymentchainparent\businessdomain\projects-service)
2026-06-04T21:25:24.085-04:00  INFO 18400 --- [           main] c.p.projects.ProjectsApplicationTests    : No active profile set, falling back to 1 default profile: "default"
2026-06-04T21:25:27.677-04:00  INFO 18400 --- [           main] .s.d.r.c.RepositoryConfigurationDelegate : Bootstrapping Spring Data JPA repositories in DEFAULT mode.
2026-06-04T21:25:28.252-04:00  INFO 18400 --- [           main] .s.d.r.c.RepositoryConfigurationDelegate : Finished Spring Data repository scanning in 544 ms. Found 1 JPA repository interface.
2026-06-04T21:25:29.655-04:00  INFO 18400 --- [           main] o.s.cloud.context.scope.GenericScope     : BeanFactory id=8491e78b-f4a6-32ca-990b-d03c0d324d2e
2026-06-04T21:25:30.696-04:00  INFO 18400 --- [           main] com.zaxxer.hikari.HikariDataSource       : HikariPool-1 - Starting...
2026-06-04T21:25:31.691-04:00  INFO 18400 --- [           main] com.zaxxer.hikari.pool.HikariPool        : HikariPool-1 - Added connection conn0: url=jdbc:h2:mem:ed91ece1-2d69-4aef-a9e1-9f6481e6e691 user=SA
2026-06-04T21:25:31.699-04:00  INFO 18400 --- [           main] com.zaxxer.hikari.HikariDataSource       : HikariPool-1 - Start completed.
2026-06-04T21:25:31.830-04:00  INFO 18400 --- [           main] org.hibernate.orm.jpa                    : HHH008540: Processing PersistenceUnitInfo [name: default]
2026-06-04T21:25:32.103-04:00  INFO 18400 --- [           main] org.hibernate.orm.core                   : HHH000001: Hibernate ORM core version 7.2.4.Final
2026-06-04T21:25:33.703-04:00  INFO 18400 --- [           main] o.s.o.j.p.SpringPersistenceUnitInfo      : No LoadTimeWeaver setup: ignoring JPA class transformer
2026-06-04T21:25:33.994-04:00  INFO 18400 --- [           main] org.hibernate.orm.connections.pooling    : HHH10001005: Database info:
	Database JDBC URL [jdbc:h2:mem:ed91ece1-2d69-4aef-a9e1-9f6481e6e691]
	Database driver: H2 JDBC Driver
	Database dialect: H2Dialect
	Database version: 2.4.240
	Default catalog/schema: ED91ECE1-2D69-4AEF-A9E1-9F6481E6E691/PUBLIC
	Autocommit mode: undefined/unknown
	Isolation level: READ_COMMITTED [default READ_COMMITTED]
	JDBC fetch size: 100
	Pool: DataSourceConnectionProvider
	Minimum pool size: undefined/unknown
	Maximum pool size: undefined/unknown
2026-06-04T21:25:38.282-04:00  INFO 18400 --- [           main] org.hibernate.orm.core                   : HHH000489: No JTA platform available (set 'hibernate.transaction.jta.platform' to enable JTA platform integration)
2026-06-04T21:25:38.411-04:00  INFO 18400 --- [           main] j.LocalContainerEntityManagerFactoryBean : Initialized JPA EntityManagerFactory for persistence unit 'default'
2026-06-04T21:25:38.675-04:00  INFO 18400 --- [           main] o.s.d.j.r.query.QueryEnhancerFactories   : Hibernate is in classpath; If applicable, HQL parser will be used.
2026-06-04T21:25:39.453-04:00  WARN 18400 --- [           main] JpaBaseConfiguration$JpaWebConfiguration : spring.jpa.open-in-view is enabled by default. Therefore, database queries may be performed during view rendering. Explicitly configure spring.jpa.open-in-view to disable this warning
2026-06-04T21:25:42.008-04:00  INFO 18400 --- [           main] o.s.cloud.commons.util.InetUtils         : Cannot determine local hostname
2026-06-04T21:25:43.859-04:00  INFO 18400 --- [           main] o.s.cloud.commons.util.InetUtils         : Cannot determine local hostname
2026-06-04T21:25:43.897-04:00  INFO 18400 --- [           main] DiscoveryClientOptionalArgsConfiguration : Eureka HTTP Client uses RestClient.
2026-06-04T21:25:44.069-04:00  WARN 18400 --- [           main] iguration$LoadBalancerCaffeineWarnLogger : Spring Cloud LoadBalancer is currently working with the default cache. While this cache implementation is useful for development and tests, it's recommended to use Caffeine cache in production.You can switch to using Caffeine cache, by adding it and org.springframework.cache.caffeine.CaffeineCacheManager to the classpath.
2026-06-04T21:25:44.086-04:00  INFO 18400 --- [           main] o.s.b.a.e.web.EndpointLinksResolver      : Exposing 1 endpoint beneath base path '/actuator'
2026-06-04T21:25:44.223-04:00  INFO 18400 --- [           main] o.s.c.n.eureka.InstanceInfoFactory       : Setting initial instance status as: STARTING
2026-06-04T21:25:44.292-04:00  INFO 18400 --- [           main] com.netflix.discovery.DiscoveryClient    : Initializing Eureka in region us-east-1
2026-06-04T21:25:44.292-04:00  INFO 18400 --- [           main] com.netflix.discovery.DiscoveryClient    : Client configured to neither register nor query for data.
2026-06-04T21:25:44.292-04:00  INFO 18400 --- [           main] com.netflix.discovery.DiscoveryClient    : Discovery Client initialized at timestamp 1780622744292 with initial instances count: 0
2026-06-04T21:25:44.306-04:00  INFO 18400 --- [           main] o.s.c.n.e.s.EurekaServiceRegistry        : Registering application UNKNOWN with eureka with status UP
2026-06-04T21:25:44.340-04:00  INFO 18400 --- [           main] c.p.projects.ProjectsApplicationTests    : Started ProjectsApplicationTests in 22.591 seconds (process running for 27.576)
2026-06-04T21:25:44.472-04:00  WARN 18400 --- [           main] o.s.core.events.SpringDocAppInitializer  : SpringDoc /v3/api-docs endpoint is enabled by default. To disable it in production, set the property 'springdoc.api-docs.enabled=false'
2026-06-04T21:25:44.472-04:00  WARN 18400 --- [           main] o.s.core.events.SpringDocAppInitializer  : SpringDoc /swagger-ui.html endpoint is enabled by default. To disable it in production, set the property 'springdoc.swagger-ui.enabled=false'
]]></system-out>
    <system-err><![CDATA[Mockito is currently self-attaching to enable the inline-mock-maker. This will no longer work in future releases of the JDK. Please add Mockito as an agent to your build as described in Mockito's documentation: https://javadoc.io/doc/org.mockito/mockito-core/latest/org.mockito/org/mockito/Mockito.html#0.3
WARNING: A Java agent has been loaded dynamically (C:\Users\Cristian\.m2\repository\net\bytebuddy\byte-buddy-agent\1.17.8\byte-buddy-agent-1.17.8.jar)
WARNING: If a serviceability tool is in use, please run with -XX:+EnableDynamicAgentLoading to hide this warning
WARNING: If a serviceability tool is not in use, please run with -Djdk.instrument.traceUsage for more information
WARNING: Dynamic loading of agents will be disallowed by default in a future release
]]></system-err>
  </testcase>
</testsuite>